{"uuid":"18ffb976-1e7e-4896-9ead-d4168c45349f","historyId":"92ae69cd1b9adad8ac0a3a9ddf6f4065","testCaseId":"2450ab62c3adc90a1e1ebf9019e9b3f","fullName":"src/test/resources/features/EndToEnd.feature:4","labels":[{"name":"tag","value":"Smoke"},{"name":"host","value":"DESKTOP-4NESMRN"},{"name":"thread","value":"21444@DESKTOP-4NESMRN.main(1)"},{"name":"feature","value":"Verify end to end scenarios of the application"},{"name":"story","value":"Verify user can place order"},{"name":"suite","value":"Verify end to end scenarios of the application"},{"name":"testClass","value":"Verify user can place order"},{"name":"framework","value":"cucumber4jvm"},{"name":"language","value":"java"},{"name":"gherkin_uri","value":"file:///D:/Ust_Assignments/Java/Cucumber_Foundation_Assessment/src/test/resources/features/EndToEnd.feature"},{"name":"package","value":"src.test.resources.features.EndToEnd_feature.Verify end to end scenarios of the application"}],"links":[],"name":"Verify user can place order","status":"broken","statusDetails":{"known":false,"muted":false,"flaky":false,"message":"Unable to find element with locator By.xpath: //div[@class='label']\nFor documentation on this error, please visit: https://www.selenium.dev/documentation/webdriver/troubleshooting/errors#no-such-element-exception\nBuild info: version: '4.24.0', revision: '748ffc9bc3'\nSystem info: os.name: 'Windows 10', os.arch: 'amd64', os.version: '10.0', java.version: '17.0.1'\nDriver info: driver.version: RemoteWebDriver","trace":"org.openqa.selenium.NoSuchElementException: Unable to find element with locator By.xpath: //div[@class='label']\nFor documentation on this error, please visit: https://www.selenium.dev/documentation/webdriver/troubleshooting/errors#no-such-element-exception\nBuild info: version: '4.24.0', revision: '748ffc9bc3'\nSystem info: os.name: 'Windows 10', os.arch: 'amd64', os.version: '10.0', java.version: '17.0.1'\nDriver info: driver.version: RemoteWebDriver\r\n\tat org.openqa.selenium.remote.ElementLocation$ElementFinder$2.findElement(ElementLocation.java:168)\r\n\tat org.openqa.selenium.remote.ElementLocation.findElement(ElementLocation.java:59)\r\n\tat org.openqa.selenium.remote.RemoteWebDriver.findElement(RemoteWebDriver.java:368)\r\n\tat org.openqa.selenium.remote.RemoteWebDriver.findElement(RemoteWebDriver.java:362)\r\n\tat org.openqa.selenium.support.pagefactory.DefaultElementLocator.findElement(DefaultElementLocator.java:68)\r\n\tat org.openqa.selenium.support.pagefactory.internal.LocatingElementHandler.invoke(LocatingElementHandler.java:38)\r\n\tat jdk.proxy2/jdk.proxy2.$Proxy24.isDisplayed(Unknown Source)\r\n\tat com.automation.pages.BusDetails.isSeatsVisible(BusDetails.java:30)\r\n\tat com.automation.steps.BusDetailsSteps.verify_seat_is_displayed(BusDetailsSteps.java:25)\r\n\tat ✽.verify seat is displayed(file:///D:/Ust_Assignments/Java/Cucumber_Foundation_Assessment/src/test/resources/features/EndToEnd.feature:11)\r\n"},"stage":"finished","steps":[{"name":"Given user open website","status":"passed","statusDetails":{"known":false,"muted":false,"flaky":false},"stage":"finished","steps":[],"attachments":[],"parameters":[],"start":1731226885187,"stop":1731226886240},{"name":"Then verify user is on homepage","status":"passed","statusDetails":{"known":false,"muted":false,"flaky":false},"stage":"finished","steps":[],"attachments":[],"parameters":[],"start":1731226886242,"stop":1731226886817},{"name":"When user enter details with source \"Coimbatore\"  and destination \"Thiruvananthapuram\"","status":"passed","statusDetails":{"known":false,"muted":false,"flaky":false},"stage":"finished","steps":[],"attachments":[],"parameters":[],"start":1731226886818,"stop":1731226888509},{"name":"When user enter date and click on search button","status":"passed","statusDetails":{"known":false,"muted":false,"flaky":false},"stage":"finished","steps":[],"attachments":[],"parameters":[],"start":1731226888509,"stop":1731226890329},{"name":"Then verify user is on Bus Details page","status":"passed","statusDetails":{"known":false,"muted":false,"flaky":false},"stage":"finished","steps":[],"attachments":[],"parameters":[],"start":1731226890329,"stop":1731226891647},{"name":"When user click on view seats","status":"passed","statusDetails":{"known":false,"muted":false,"flaky":false},"stage":"finished","steps":[],"attachments":[],"parameters":[],"start":1731226891648,"stop":1731226891775},{"name":"Then verify seat is displayed","status":"broken","statusDetails":{"known":false,"muted":false,"flaky":false,"message":"Unable to find element with locator By.xpath: //div[@class='label']\nFor documentation on this error, please visit: https://www.selenium.dev/documentation/webdriver/troubleshooting/errors#no-such-element-exception\nBuild info: version: '4.24.0', revision: '748ffc9bc3'\nSystem info: os.name: 'Windows 10', os.arch: 'amd64', os.version: '10.0', java.version: '17.0.1'\nDriver info: driver.version: RemoteWebDriver","trace":"org.openqa.selenium.NoSuchElementException: Unable to find element with locator By.xpath: //div[@class='label']\nFor documentation on this error, please visit: https://www.selenium.dev/documentation/webdriver/troubleshooting/errors#no-such-element-exception\nBuild info: version: '4.24.0', revision: '748ffc9bc3'\nSystem info: os.name: 'Windows 10', os.arch: 'amd64', os.version: '10.0', java.version: '17.0.1'\nDriver info: driver.version: RemoteWebDriver\r\n\tat org.openqa.selenium.remote.ElementLocation$ElementFinder$2.findElement(ElementLocation.java:168)\r\n\tat org.openqa.selenium.remote.ElementLocation.findElement(ElementLocation.java:59)\r\n\tat org.openqa.selenium.remote.RemoteWebDriver.findElement(RemoteWebDriver.java:368)\r\n\tat org.openqa.selenium.remote.RemoteWebDriver.findElement(RemoteWebDriver.java:362)\r\n\tat org.openqa.selenium.support.pagefactory.DefaultElementLocator.findElement(DefaultElementLocator.java:68)\r\n\tat org.openqa.selenium.support.pagefactory.internal.LocatingElementHandler.invoke(LocatingElementHandler.java:38)\r\n\tat jdk.proxy2/jdk.proxy2.$Proxy24.isDisplayed(Unknown Source)\r\n\tat com.automation.pages.BusDetails.isSeatsVisible(BusDetails.java:30)\r\n\tat com.automation.steps.BusDetailsSteps.verify_seat_is_displayed(BusDetailsSteps.java:25)\r\n\tat ✽.verify seat is displayed(file:///D:/Ust_Assignments/Java/Cucumber_Foundation_Assessment/src/test/resources/features/EndToEnd.feature:11)\r\n"},"stage":"finished","steps":[],"attachments":[],"parameters":[],"start":1731226891775,"stop":1731226903591},{"name":"And click on modify","status":"skipped","statusDetails":{"known":false,"muted":false,"flaky":false},"stage":"finished","steps":[],"attachments":[],"parameters":[],"start":1731226903602,"stop":1731226903604}],"attachments":[],"parameters":[],"start":1731226883031,"stop":1731226904033}